{"/Users/kenichibeveridge/code/chungus84/DigitalFutures/Upskilling/react-node-jwt/frontend/src/App.jsx": {"path":"/Users/kenichibeveridge/code/chungus84/DigitalFutures/Upskilling/react-node-jwt/frontend/src/App.jsx","statementMap":{"0":{"start":{"line":7,"column":30},"end":{"line":7,"column":null}},"1":{"start":{"line":9,"column":4},"end":{"line":31,"column":null}},"2":{"start":{"line":21,"column":39},"end":{"line":21,"column":71}},"3":{"start":{"line":21,"column":59},"end":{"line":21,"column":68}}},"fnMap":{"0":{"name":"App","decl":{"start":{"line":6,"column":9},"end":{"line":6,"column":15}},"loc":{"start":{"line":6,"column":15},"end":{"line":33,"column":null}}},"1":{"name":"(anonymous_1)","decl":{"start":{"line":21,"column":33},"end":{"line":21,"column":39}},"loc":{"start":{"line":21,"column":39},"end":{"line":21,"column":71}}},"2":{"name":"(anonymous_2)","decl":{"start":{"line":21,"column":48},"end":{"line":21,"column":49}},"loc":{"start":{"line":21,"column":59},"end":{"line":21,"column":68}}}},"branchMap":{},"s":{"0":1,"1":1,"2":0,"3":0},"f":{"0":1,"1":0,"2":0},"b":{}}
,"/Users/kenichibeveridge/code/chungus84/DigitalFutures/Upskilling/react-node-jwt/frontend/src/main.jsx": {"path":"/Users/kenichibeveridge/code/chungus84/DigitalFutures/Upskilling/react-node-jwt/frontend/src/main.jsx","statementMap":{"0":{"start":{"line":6,"column":0},"end":{"line":10,"column":null}}},"fnMap":{},"branchMap":{},"s":{"0":0},"f":{},"b":{}}
}
